<?xml version="1.0" encoding="UTF-8"?>
<testng-results ignored="0" total="4" passed="3" failed="1" skipped="0">
  <reporter-output>
  </reporter-output>
  <suite started-at="2022-09-09T03:11:36 IST" name="Suite" finished-at="2022-09-09T03:13:48 IST" duration-ms="131424">
    <groups>
    </groups>
    <test started-at="2022-09-09T03:11:36 IST" name="Test" finished-at="2022-09-09T03:13:48 IST" duration-ms="131424">
      <class name="com.qa.TestLayer.PatientRecordTest">
        <test-method is-config="true" signature="setProperty(java.lang.String)[pri:0, instance:com.qa.TestLayer.PatientRecordTest@8f4ea7c]" started-at="2022-09-09T03:12:37 IST" name="setProperty" finished-at="2022-09-09T03:12:47 IST" duration-ms="10668" status="PASS">
          <params>
            <param index="0">
              <value>
                <![CDATA[chrome]]>
              </value>
            </param>
          </params>
          <reporter-output>
          </reporter-output>
        </test-method> <!-- setProperty -->
        <test-method is-config="true" signature="start()[pri:0, instance:com.qa.TestLayer.PatientRecordTest@8f4ea7c]" started-at="2022-09-09T03:12:47 IST" name="start" finished-at="2022-09-09T03:12:47 IST" duration-ms="12" status="PASS">
          <reporter-output>
          </reporter-output>
        </test-method> <!-- start -->
        <test-method signature="verifyPatientRecordPage()[pri:0, instance:com.qa.TestLayer.PatientRecordTest@8f4ea7c]" started-at="2022-09-09T03:12:47 IST" name="verifyPatientRecordPage" finished-at="2022-09-09T03:13:07 IST" duration-ms="19751" status="PASS">
          <reporter-output>
          </reporter-output>
        </test-method> <!-- verifyPatientRecordPage -->
        <test-method is-config="true" signature="closeTab()[pri:0, instance:com.qa.TestLayer.PatientRecordTest@8f4ea7c]" started-at="2022-09-09T03:13:07 IST" name="closeTab" finished-at="2022-09-09T03:13:08 IST" duration-ms="1107" status="PASS">
          <reporter-output>
          </reporter-output>
        </test-method> <!-- closeTab -->
        <test-method is-config="true" signature="stop()[pri:0, instance:com.qa.TestLayer.PatientRecordTest@8f4ea7c]" started-at="2022-09-09T03:13:08 IST" name="stop" finished-at="2022-09-09T03:13:08 IST" duration-ms="1" status="PASS">
          <reporter-output>
          </reporter-output>
        </test-method> <!-- stop -->
      </class> <!-- com.qa.TestLayer.PatientRecordTest -->
      <class name="com.qa.TestLayer.DeletePatientRecordTest">
        <test-method is-config="true" signature="setProperty(java.lang.String)[pri:0, instance:com.qa.TestLayer.DeletePatientRecordTest@223d2c72]" started-at="2022-09-09T03:11:55 IST" name="setProperty" finished-at="2022-09-09T03:12:06 IST" duration-ms="10571" status="PASS">
          <params>
            <param index="0">
              <value>
                <![CDATA[chrome]]>
              </value>
            </param>
          </params>
          <reporter-output>
          </reporter-output>
        </test-method> <!-- setProperty -->
        <test-method is-config="true" signature="start()[pri:0, instance:com.qa.TestLayer.DeletePatientRecordTest@223d2c72]" started-at="2022-09-09T03:12:06 IST" name="start" finished-at="2022-09-09T03:12:06 IST" duration-ms="14" status="PASS">
          <reporter-output>
          </reporter-output>
        </test-method> <!-- start -->
        <test-method signature="verifyDeletePatientRecord()[pri:0, instance:com.qa.TestLayer.DeletePatientRecordTest@223d2c72]" started-at="2022-09-09T03:12:06 IST" name="verifyDeletePatientRecord" finished-at="2022-09-09T03:12:36 IST" duration-ms="29934" status="FAIL">
          <exception class="org.openqa.selenium.NoSuchElementException">
            <message>
              <![CDATA[no such element: Unable to locate element: {"method":"xpath","selector":"(//div[contains(@class,'col-11 col-lg-10')])[17]"}
  (Session info: chrome=105.0.5195.102)
For documentation on this error, please visit: https://selenium.dev/exceptions/#no_such_element
Build info: version: '4.4.0', revision: 'e5c75ed026a'
System info: host: 'DESKTOP-NK01B5C', ip: '192.168.29.68', os.name: 'Windows 10', os.arch: 'amd64', os.version: '10.0', java.version: '18.0.1.1'
Driver info: org.openqa.selenium.chrome.ChromeDriver
Command: [d15db24065f0a86688d4557936f0f962, findElement {using=xpath, value=(//div[contains(@class,'col-11 col-lg-10')])[17]}]
Capabilities {acceptInsecureCerts: false, browserName: chrome, browserVersion: 105.0.5195.102, chrome: {chromedriverVersion: 105.0.5195.52 (412c95e51883..., userDataDir: C:\Users\MANGES~1\AppData\L...}, goog:chromeOptions: {debuggerAddress: localhost:57737}, networkConnectionEnabled: false, pageLoadStrategy: normal, platformName: WINDOWS, proxy: Proxy(), se:cdp: ws://localhost:57737/devtoo..., se:cdpVersion: 105.0.5195.102, setWindowRect: true, strictFileInteractability: false, timeouts: {implicit: 0, pageLoad: 300000, script: 30000}, unhandledPromptBehavior: dismiss and notify, webauthn:extension:credBlob: true, webauthn:extension:largeBlob: true, webauthn:virtualAuthenticators: true}
Session ID: d15db24065f0a86688d4557936f0f962]]>
            </message>
            <full-stacktrace>
              <![CDATA[org.openqa.selenium.NoSuchElementException: no such element: Unable to locate element: {"method":"xpath","selector":"(//div[contains(@class,'col-11 col-lg-10')])[17]"}
  (Session info: chrome=105.0.5195.102)
For documentation on this error, please visit: https://selenium.dev/exceptions/#no_such_element
Build info: version: '4.4.0', revision: 'e5c75ed026a'
System info: host: 'DESKTOP-NK01B5C', ip: '192.168.29.68', os.name: 'Windows 10', os.arch: 'amd64', os.version: '10.0', java.version: '18.0.1.1'
Driver info: org.openqa.selenium.chrome.ChromeDriver
Command: [d15db24065f0a86688d4557936f0f962, findElement {using=xpath, value=(//div[contains(@class,'col-11 col-lg-10')])[17]}]
Capabilities {acceptInsecureCerts: false, browserName: chrome, browserVersion: 105.0.5195.102, chrome: {chromedriverVersion: 105.0.5195.52 (412c95e51883..., userDataDir: C:\Users\MANGES~1\AppData\L...}, goog:chromeOptions: {debuggerAddress: localhost:57737}, networkConnectionEnabled: false, pageLoadStrategy: normal, platformName: WINDOWS, proxy: Proxy(), se:cdp: ws://localhost:57737/devtoo..., se:cdpVersion: 105.0.5195.102, setWindowRect: true, strictFileInteractability: false, timeouts: {implicit: 0, pageLoad: 300000, script: 30000}, unhandledPromptBehavior: dismiss and notify, webauthn:extension:credBlob: true, webauthn:extension:largeBlob: true, webauthn:virtualAuthenticators: true}
Session ID: d15db24065f0a86688d4557936f0f962
at java.base/jdk.internal.reflect.DirectConstructorHandleAccessor.newInstance(DirectConstructorHandleAccessor.java:67)
at java.base/java.lang.reflect.Constructor.newInstanceWithCaller(Constructor.java:499)
at java.base/java.lang.reflect.Constructor.newInstance(Constructor.java:483)
at org.openqa.selenium.remote.codec.w3c.W3CHttpResponseCodec.createException(W3CHttpResponseCodec.java:200)
at org.openqa.selenium.remote.codec.w3c.W3CHttpResponseCodec.decode(W3CHttpResponseCodec.java:133)
at org.openqa.selenium.remote.codec.w3c.W3CHttpResponseCodec.decode(W3CHttpResponseCodec.java:53)
at org.openqa.selenium.remote.HttpCommandExecutor.execute(HttpCommandExecutor.java:184)
at org.openqa.selenium.remote.service.DriverCommandExecutor.invokeExecute(DriverCommandExecutor.java:167)
at org.openqa.selenium.remote.service.DriverCommandExecutor.execute(DriverCommandExecutor.java:142)
at org.openqa.selenium.remote.RemoteWebDriver.execute(RemoteWebDriver.java:547)
at org.openqa.selenium.remote.ElementLocation$ElementFinder$2.findElement(ElementLocation.java:162)
at org.openqa.selenium.remote.ElementLocation.findElement(ElementLocation.java:60)
at org.openqa.selenium.remote.RemoteWebDriver.findElement(RemoteWebDriver.java:365)
at org.openqa.selenium.remote.RemoteWebDriver.findElement(RemoteWebDriver.java:357)
at org.openqa.selenium.support.pagefactory.DefaultElementLocator.findElement(DefaultElementLocator.java:70)
at org.openqa.selenium.support.pagefactory.internal.LocatingElementHandler.invoke(LocatingElementHandler.java:39)
at jdk.proxy2/jdk.proxy2.$Proxy17.click(Unknown Source)
at com.qa.pageLayer.PatientPage.clickOnDeletePatientRecord(PatientPage.java:20)
at com.qa.TestLayer.DeletePatientRecordTest.verifyDeletePatientRecord(DeletePatientRecordTest.java:22)
at java.base/jdk.internal.reflect.DirectMethodHandleAccessor.invoke(DirectMethodHandleAccessor.java:104)
at java.base/java.lang.reflect.Method.invoke(Method.java:577)
at org.testng.internal.MethodInvocationHelper.invokeMethod(MethodInvocationHelper.java:133)
at org.testng.internal.TestInvoker.invokeMethod(TestInvoker.java:598)
at org.testng.internal.TestInvoker.invokeTestMethod(TestInvoker.java:173)
at org.testng.internal.MethodRunner.runInSequence(MethodRunner.java:46)
at org.testng.internal.TestInvoker$MethodInvocationAgent.invoke(TestInvoker.java:824)
at org.testng.internal.TestInvoker.invokeTestMethods(TestInvoker.java:146)
at org.testng.internal.TestMethodWorker.invokeTestMethods(TestMethodWorker.java:146)
at org.testng.internal.TestMethodWorker.run(TestMethodWorker.java:128)
at java.base/java.util.ArrayList.forEach(ArrayList.java:1511)
at org.testng.TestRunner.privateRun(TestRunner.java:794)
at org.testng.TestRunner.run(TestRunner.java:596)
at org.testng.SuiteRunner.runTest(SuiteRunner.java:377)
at org.testng.SuiteRunner.access$000(SuiteRunner.java:28)
at org.testng.SuiteRunner$SuiteWorker.run(SuiteRunner.java:418)
at org.testng.internal.thread.ThreadUtil.lambda$execute$0(ThreadUtil.java:64)
at java.base/java.util.concurrent.FutureTask.run(FutureTask.java:264)
at java.base/java.util.concurrent.ThreadPoolExecutor.runWorker(ThreadPoolExecutor.java:1136)
at java.base/java.util.concurrent.ThreadPoolExecutor$Worker.run(ThreadPoolExecutor.java:635)
at java.base/java.lang.Thread.run(Thread.java:833)
]]>
            </full-stacktrace>
          </exception> <!-- org.openqa.selenium.NoSuchElementException -->
          <reporter-output>
          </reporter-output>
        </test-method> <!-- verifyDeletePatientRecord -->
        <test-method is-config="true" signature="closeTab()[pri:0, instance:com.qa.TestLayer.DeletePatientRecordTest@223d2c72]" started-at="2022-09-09T03:12:36 IST" name="closeTab" finished-at="2022-09-09T03:12:37 IST" duration-ms="566" status="PASS">
          <reporter-output>
          </reporter-output>
        </test-method> <!-- closeTab -->
        <test-method is-config="true" signature="stop()[pri:0, instance:com.qa.TestLayer.DeletePatientRecordTest@223d2c72]" started-at="2022-09-09T03:12:37 IST" name="stop" finished-at="2022-09-09T03:12:37 IST" duration-ms="3" status="PASS">
          <reporter-output>
          </reporter-output>
        </test-method> <!-- stop -->
      </class> <!-- com.qa.TestLayer.DeletePatientRecordTest -->
      <class name="com.qa.TestLayer.LogoutTest">
        <test-method is-config="true" signature="setProperty(java.lang.String)[pri:0, instance:com.qa.TestLayer.LogoutTest@4567f35d]" started-at="2022-09-09T03:11:36 IST" name="setProperty" finished-at="2022-09-09T03:11:53 IST" duration-ms="16661" status="PASS">
          <params>
            <param index="0">
              <value>
                <![CDATA[chrome]]>
              </value>
            </param>
          </params>
          <reporter-output>
          </reporter-output>
        </test-method> <!-- setProperty -->
        <test-method is-config="true" signature="start()[pri:0, instance:com.qa.TestLayer.LogoutTest@4567f35d]" started-at="2022-09-09T03:11:53 IST" name="start" finished-at="2022-09-09T03:11:53 IST" duration-ms="224" status="PASS">
          <reporter-output>
          </reporter-output>
        </test-method> <!-- start -->
        <test-method signature="verifylogout()[pri:0, instance:com.qa.TestLayer.LogoutTest@4567f35d]" started-at="2022-09-09T03:11:53 IST" name="verifylogout" finished-at="2022-09-09T03:11:55 IST" duration-ms="1482" status="PASS">
          <reporter-output>
          </reporter-output>
        </test-method> <!-- verifylogout -->
        <test-method is-config="true" signature="closeTab()[pri:0, instance:com.qa.TestLayer.LogoutTest@4567f35d]" started-at="2022-09-09T03:11:55 IST" name="closeTab" finished-at="2022-09-09T03:11:55 IST" duration-ms="625" status="PASS">
          <reporter-output>
          </reporter-output>
        </test-method> <!-- closeTab -->
        <test-method is-config="true" signature="stop()[pri:0, instance:com.qa.TestLayer.LogoutTest@4567f35d]" started-at="2022-09-09T03:11:55 IST" name="stop" finished-at="2022-09-09T03:11:55 IST" duration-ms="2" status="PASS">
          <reporter-output>
          </reporter-output>
        </test-method> <!-- stop -->
      </class> <!-- com.qa.TestLayer.LogoutTest -->
      <class name="com.qa.TestLayer.PatientRegestrationTest">
        <test-method is-config="true" signature="setProperty(java.lang.String)[pri:0, instance:com.qa.TestLayer.PatientRegestrationTest@436813f3]" started-at="2022-09-09T03:13:08 IST" name="setProperty" finished-at="2022-09-09T03:13:20 IST" duration-ms="11428" status="PASS">
          <params>
            <param index="0">
              <value>
                <![CDATA[chrome]]>
              </value>
            </param>
          </params>
          <reporter-output>
          </reporter-output>
        </test-method> <!-- setProperty -->
        <test-method is-config="true" signature="start()[pri:0, instance:com.qa.TestLayer.PatientRegestrationTest@436813f3]" started-at="2022-09-09T03:13:20 IST" name="start" finished-at="2022-09-09T03:13:20 IST" duration-ms="10" status="PASS">
          <reporter-output>
          </reporter-output>
        </test-method> <!-- start -->
        <test-method signature="verifyPatientRegestration()[pri:0, instance:com.qa.TestLayer.PatientRegestrationTest@436813f3]" started-at="2022-09-09T03:13:20 IST" name="verifyPatientRegestration" finished-at="2022-09-09T03:13:47 IST" duration-ms="27314" status="PASS">
          <reporter-output>
          </reporter-output>
        </test-method> <!-- verifyPatientRegestration -->
        <test-method is-config="true" signature="closeTab()[pri:0, instance:com.qa.TestLayer.PatientRegestrationTest@436813f3]" started-at="2022-09-09T03:13:47 IST" name="closeTab" finished-at="2022-09-09T03:13:48 IST" duration-ms="698" status="PASS">
          <reporter-output>
          </reporter-output>
        </test-method> <!-- closeTab -->
        <test-method is-config="true" signature="stop()[pri:0, instance:com.qa.TestLayer.PatientRegestrationTest@436813f3]" started-at="2022-09-09T03:13:48 IST" name="stop" finished-at="2022-09-09T03:13:48 IST" duration-ms="2" status="PASS">
          <reporter-output>
          </reporter-output>
        </test-method> <!-- stop -->
      </class> <!-- com.qa.TestLayer.PatientRegestrationTest -->
    </test> <!-- Test -->
  </suite> <!-- Suite -->
</testng-results>
